Arguments: 
  /usr/local/Cellar/node/16.6.1/bin/node /usr/local/Cellar/yarn/1.22.10/libexec/bin/yarn.js

PATH: 
  /usr/local/bin:/usr/local/bin:/usr/bin:/bin:/usr/sbin:/sbin:/flutter/bin:/usr/rogeriolabat/botbrandprotection/phantomjs-2.1.1-macosx/bin:/Applications/VMware Fusion.app/Contents/Public:/usr/local/share/dotnet:/opt/X11/bin:~/.dotnet/tools:/Library/Apple/usr/bin:/Library/Frameworks/Mono.framework/Versions/Current/Commands:/Applications/Xamarin Workbooks.app/Contents/SharedSupport/path-bin:/Users/rogeriolabat/gamavtex/minimum-boilerplate-theme/flutter/bin:/Applications/Visual Studio Code.app/Contents/Resources/app/bin

Yarn version: 
  1.22.10

Node version: 
  16.6.1

Platform: 
  darwin x64

Trace: 
  SyntaxError: /Users/rogeriolabat/gamavtex/minimum-boilerplate-theme/package.json: Unexpected end of JSON input
      at JSON.parse (<anonymous>)
      at /usr/local/Cellar/yarn/1.22.10/libexec/lib/cli.js:1625:59
      at Generator.next (<anonymous>)
      at step (/usr/local/Cellar/yarn/1.22.10/libexec/lib/cli.js:310:30)
      at /usr/local/Cellar/yarn/1.22.10/libexec/lib/cli.js:321:13

npm manifest: 
  

yarn manifest: 
  No manifest

Lockfile: 
  No lockfile
